TN:
SF:/Users/abisoyeoke-lawal/Documents/Personal/Help/HelpApi/src/server.js
FN:36,(anonymous_1)
FNF:1
FNH:1
FNDA:1,(anonymous_1)
DA:3,1
DA:4,1
DA:5,1
DA:6,1
DA:7,1
DA:9,1
DA:11,1
DA:12,1
DA:15,1
DA:18,1
DA:21,1
DA:24,1
DA:29,1
DA:30,1
DA:33,1
DA:34,1
DA:36,1
DA:37,1
LF:18
LH:18
BRDA:18,0,0,0
BRDA:18,0,1,1
BRDA:18,1,0,1
BRDA:18,1,1,0
BRDA:21,2,0,1
BRDA:21,2,1,0
BRF:6
BRH:3
end_of_record
TN:
SF:/Users/abisoyeoke-lawal/Documents/Personal/Help/HelpApi/src/controllers/PoliceController.js
FN:7,(anonymous_0)
FN:7,defineProperties
FN:7,(anonymous_2)
FN:13,_interopRequireDefault
FN:15,_classCallCheck
FN:17,(anonymous_5)
FN:18,PoliceController
FN:30,create
FN:41,(anonymous_8)
FN:59,(anonymous_9)
FN:78,getAll
FN:79,(anonymous_11)
FN:97,getOne
FN:100,(anonymous_13)
FN:119,update
FN:123,(anonymous_15)
FN:129,(anonymous_16)
FN:135,(anonymous_17)
FNF:18
FNH:16
FNDA:1,(anonymous_0)
FNDA:1,defineProperties
FNDA:1,(anonymous_2)
FNDA:1,_interopRequireDefault
FNDA:0,_classCallCheck
FNDA:1,(anonymous_5)
FNDA:0,PoliceController
FNDA:1,create
FNDA:1,(anonymous_8)
FNDA:1,(anonymous_9)
FNDA:1,getAll
FNDA:1,(anonymous_11)
FNDA:3,getOne
FNDA:3,(anonymous_13)
FNDA:1,update
FNDA:1,(anonymous_15)
FNDA:6,(anonymous_16)
FNDA:1,(anonymous_17)
DA:3,1
DA:7,4
DA:9,1
DA:11,1
DA:13,1
DA:15,0
DA:17,1
DA:19,0
DA:22,1
DA:31,1
DA:33,1
DA:42,1
DA:43,0
DA:44,1
DA:45,0
DA:47,1
DA:59,1
DA:60,1
DA:61,0
DA:63,1
DA:79,1
DA:80,1
DA:81,0
DA:83,1
DA:98,3
DA:100,3
DA:101,3
DA:102,1
DA:103,2
DA:104,1
DA:106,1
DA:120,1
DA:121,1
DA:123,1
DA:124,1
DA:125,0
DA:126,1
DA:127,0
DA:129,1
DA:130,6
DA:131,1
DA:135,1
DA:136,1
DA:137,0
DA:139,1
DA:147,1
DA:150,1
LF:47
LH:38
BRDA:7,0,0,4
BRDA:7,0,1,4
BRDA:7,1,0,4
BRDA:7,1,1,0
BRDA:7,2,0,0
BRDA:7,2,1,1
BRDA:7,3,0,1
BRDA:7,3,1,0
BRDA:13,4,0,1
BRDA:13,4,1,0
BRDA:13,5,0,1
BRDA:13,5,1,1
BRDA:15,6,0,0
BRDA:15,6,1,0
BRDA:42,7,0,0
BRDA:42,7,1,1
BRDA:44,8,0,0
BRDA:44,8,1,1
BRDA:60,9,0,0
BRDA:60,9,1,1
BRDA:80,10,0,0
BRDA:80,10,1,1
BRDA:98,11,0,3
BRDA:98,11,1,0
BRDA:101,12,0,1
BRDA:101,12,1,2
BRDA:103,13,0,1
BRDA:103,13,1,1
BRDA:121,14,0,1
BRDA:121,14,1,0
BRDA:124,15,0,0
BRDA:124,15,1,1
BRDA:126,16,0,0
BRDA:126,16,1,1
BRDA:130,17,0,1
BRDA:130,17,1,5
BRDA:136,18,0,0
BRDA:136,18,1,1
BRF:38
BRH:23
end_of_record
TN:
SF:/Users/abisoyeoke-lawal/Documents/Personal/Help/HelpApi/src/models/Police.js
FNF:0
FNH:0
DA:1,1
DA:3,1
LF:2
LH:2
BRF:0
BRH:0
end_of_record
TN:
SF:/Users/abisoyeoke-lawal/Documents/Personal/Help/HelpApi/src/routes/PoliceRoutes.js
FNF:0
FNH:0
DA:1,1
DA:2,1
DA:10,1
DA:19,1
LF:4
LH:4
BRF:0
BRH:0
end_of_record
TN:
SF:/Users/abisoyeoke-lawal/Documents/Personal/Help/HelpApi/src/routes/routes.js
FNF:0
FNH:0
DA:1,1
DA:10,1
LF:2
LH:2
BRF:0
BRH:0
end_of_record
TN:
SF:/Users/abisoyeoke-lawal/Documents/Personal/Help/HelpApi/src/shared/Util.js
FNF:0
FNH:0
DA:7,2
LF:1
LH:1
BRF:0
BRH:0
end_of_record
TN:
SF:/Users/abisoyeoke-lawal/Documents/Personal/Help/HelpApi/src/validations/PoliceValidation.js
FNF:0
FNH:0
DA:1,1
DA:12,4
DA:14,4
DA:15,1
DA:16,3
DA:17,1
DA:18,2
DA:19,1
DA:21,1
DA:32,6
DA:34,6
DA:35,1
DA:36,5
DA:37,1
DA:38,4
DA:39,1
DA:40,3
DA:41,1
DA:42,2
DA:43,1
DA:45,1
LF:21
LH:21
BRDA:14,0,0,1
BRDA:14,0,1,3
BRDA:14,1,0,4
BRDA:14,1,1,4
BRDA:16,2,0,1
BRDA:16,2,1,2
BRDA:16,3,0,3
BRDA:16,3,1,3
BRDA:16,3,2,3
BRDA:16,3,3,2
BRDA:18,4,0,1
BRDA:18,4,1,1
BRDA:18,5,0,2
BRDA:18,5,1,2
BRDA:34,6,0,1
BRDA:34,6,1,5
BRDA:34,7,0,6
BRDA:34,7,1,1
BRDA:36,8,0,1
BRDA:36,8,1,4
BRDA:36,9,0,5
BRDA:36,9,1,1
BRDA:36,9,2,1
BRDA:36,9,3,1
BRDA:38,10,0,1
BRDA:38,10,1,3
BRDA:38,11,0,4
BRDA:38,11,1,1
BRDA:40,12,0,1
BRDA:40,12,1,2
BRDA:40,13,0,3
BRDA:40,13,1,1
BRDA:42,14,0,1
BRDA:42,14,1,1
BRDA:42,15,0,2
BRDA:42,15,1,2
BRF:36
BRH:36
end_of_record
